<?xml version="1.0" encoding="UTF-8"?>
<!-- Generated by org.testng.reporters.JUnitXMLReporter -->
<testsuite ignored="0" hostname="DESKTOP-L5SEERM" failures="1" tests="1" name="Test1" time="6.94" errors="0" timestamp="2024-07-08T11:38:11 BST">
  <testcase classname="Testngtopic.LearningCrossBrowserTesting" name="launch" time="6.788">
    <failure type="java.io.FileNotFoundException" message=".\src\test\resources\commonData.properties (The system cannot find the file specified)">
      <![CDATA[java.io.FileNotFoundException: .\src\test\resources\commonData.properties (The system cannot find the file specified)
at java.base/java.io.FileInputStream.open0(Native Method)
at java.base/java.io.FileInputStream.open(FileInputStream.java:216)
at java.base/java.io.FileInputStream.<init>(FileInputStream.java:157)
at java.base/java.io.FileInputStream.<init>(FileInputStream.java:111)
at genericlibr.ExcelUtil.getDataFromPropertyfile(ExcelUtil.java:21)
at Testngtopic.LearningCrossBrowserTesting.launch(LearningCrossBrowserTesting.java:31)
at java.base/java.util.ArrayList.forEach(ArrayList.java:1511)
... Removed 27 stack frames]]>
    </failure>
  </testcase> <!-- launch -->
</testsuite> <!-- Test1 -->
